2017-12-17 10:01:29 INFO  Scenario_Search:31 - Executing the TestCase GB_01Order set is 1.0
2017-12-17 10:01:55 INFO  Scenario_Search:45 - Passed as Actual Result is  Sorry! There are no products to display. Same as Expected Result Sorry! There are no products to display.
2017-12-17 10:02:23 INFO  Scenario_Search:31 - Executing the TestCase GB_01Order set is 2.0
2017-12-17 10:02:49 INFO  Scenario_Search:49 - Failed as Actual Result is  Sorry! There are no products to display.and Expected Result Sorry! There are no products to displa
2017-12-17 10:22:42 INFO  Scenario_Search:31 - Executing the TestCase GB_01Order set is 1.0
2017-12-17 10:23:07 INFO  Scenario_Search:45 - Passed as Actual Result is  Sorry! There are no products to display. Same as Expected Result Sorry! There are no products to display.
2017-12-17 10:23:36 INFO  Scenario_Search:31 - Executing the TestCase GB_01Order set is 2.0
2017-12-17 10:24:03 INFO  Scenario_Search:50 - Failed as Actual Result is  Sorry! There are no products to display.and Expected Result Sorry! There are no products to displa
2017-12-17 10:59:32 INFO  Scenario_Search:100 - Passed as Actual result is 210 Expected Result is 210
2017-12-17 11:00:52 INFO  Scenario_Search:105 - Failed as Actual result is 311 Expected Result is 428
2017-12-17 11:01:59 INFO  Scenario_Search:100 - Passed as Actual result is 14 Expected Result is 14
2017-12-17 11:51:14 INFO  Scenario_Cart:48 - Passed as Actual Result is  Raw Mango - Diced Same as Expected Result Raw Mango - Diced
2017-12-17 12:26:44 INFO  Scenario_Cart:101 - Passed as Actual Result is  There are no items in your basket. Same as Expected Result There are no items in your basket.
2017-12-17 12:34:55 INFO  Scenario_Search:31 - Executing the TestCase GB_01Order set is 1.0
2017-12-17 12:35:19 INFO  Scenario_Search:45 - Passed as Actual Result is  Sorry! There are no products to display. Same as Expected Result Sorry! There are no products to display.
2017-12-17 12:35:47 INFO  Scenario_Search:31 - Executing the TestCase GB_01Order set is 2.0
2017-12-17 12:36:13 INFO  Scenario_Search:50 - Failed as Actual Result is  Sorry! There are no products to display.and Expected Result Sorry! There are no products to displa
2017-12-17 12:37:24 INFO  Scenario_Cart:48 - Passed as Actual Result is  Raw Mango - Diced Same as Expected Result Raw Mango - Diced
2017-12-17 12:44:03 INFO  Scenario_Search:31 - Executing the TestCase GB_01Order set is 1.0
2017-12-17 12:44:26 INFO  Scenario_Search:45 - Passed as Actual Result is  Sorry! There are no products to display. Same as Expected Result Sorry! There are no products to display.
2017-12-17 12:44:55 INFO  Scenario_Search:31 - Executing the TestCase GB_01Order set is 2.0
2017-12-17 12:45:22 INFO  Scenario_Search:50 - Failed as Actual Result is  Sorry! There are no products to display.and Expected Result Sorry! There are no products to displa
2017-12-17 12:46:28 INFO  Scenario_Cart:48 - Passed as Actual Result is  Raw Mango - Diced Same as Expected Result Raw Mango - Diced
2017-12-17 13:06:22 INFO  Scenario_Search:31 - Executing the TestCase GB_01Order set is 1.0
2017-12-17 13:06:50 INFO  Scenario_Search:45 - Passed as Actual Result is  Sorry! There are no products to display. Same as Expected Result Sorry! There are no products to display.
2017-12-17 13:28:59 INFO  Scenario_Search:? - Executing the TestCase GB_01Order set is 1.0
2017-12-17 13:29:23 INFO  Scenario_Search:? - Passed as Actual Result is  Sorry! There are no products to display. Same as Expected Result Sorry! There are no products to display.
